Using pre-set license
Built from '2020.2/release' branch; Version is '2020.2.2f1 (068178b99f32) revision 426360'; Using compiler version '192528614'; Build Type 'Release'
OS: 'Windows 10 Pro; OS build 19041.985; Version 2004; 64bit' Language: 'uk' Physical Memory: 8052 MB
BatchMode: 1, IsHumanControllingUs: 0, StartBugReporterOnCrash: 0, Is64bit: 1, IsPro: 0

 COMMAND LINE ARGUMENTS:
C:\Program Files\Unity\2020.2.2f1\Editor\Unity.exe
-adb2
-batchMode
-noUpm
-name
AssetImportWorker0
-projectPath
E:/Unity/Training Projects/Test Tasks/FaceOff
-logFile
Logs/AssetImportWorker0.log
-srvPort
59525
Successfully changed project path to: E:/Unity/Training Projects/Test Tasks/FaceOff
E:/Unity/Training Projects/Test Tasks/FaceOff
Using Asset Import Pipeline V2.
Refreshing native plugins compatible for Editor in 39.24 ms, found 1 plugins.
Preloading 1 native plugins for Editor in 1.03 ms.
Initialize engine version: 2020.2.2f1 (068178b99f32)
[Subsystems] Discovering subsystems at path C:/Program Files/Unity/2020.2.2f1/Editor/Data/Resources/UnitySubsystems
[Subsystems] Discovering subsystems at path E:/Unity/Training Projects/Test Tasks/FaceOff/Assets
GfxDevice: creating device client; threaded=0
Direct3D:
    Version:  Direct3D 11.0 [level 11.0]
    Renderer: NVIDIA GeForce GT 650M (ID=0xfd1)
    Vendor:   
    VRAM:     2017 MB
    Driver:   21.21.13.6909
Initialize mono
Mono path[0] = 'C:/Program Files/Unity/2020.2.2f1/Editor/Data/Managed'
Mono path[1] = 'C:/Program Files/Unity/2020.2.2f1/Editor/Data/MonoBleedingEdge/lib/mono/unityjit'
Mono config path = 'C:/Program Files/Unity/2020.2.2f1/Editor/Data/MonoBleedingEdge/etc'
Using monoOptions --debugger-agent=transport=dt_socket,embedding=1,server=y,suspend=n,address=127.0.0.1:56856
Begin MonoManager ReloadAssembly
Registering precompiled unity dll's ...
Register platform support module: C:/Program Files/Unity/2020.2.2f1/Editor/Data/PlaybackEngines/WindowsStandaloneSupport/UnityEditor.WindowsStandalone.Extensions.dll
Registered in 0.002667 seconds.
Native extension for WindowsStandalone target not found
Refreshing native plugins compatible for Editor in 36.56 ms, found 1 plugins.
Preloading 1 native plugins for Editor in 0.06 ms.
Invoked RoslynAnalysisRunner static constructor.
RoslynAnalysisRunner will not be running.
RoslynAnalysisRunner has terminated.
Mono: successfully reloaded assembly
- Completed reload, in  2.946 seconds
Platform modules already initialized, skipping
Registering precompiled user dll's ...
Registered in 0.023980 seconds.
Begin MonoManager ReloadAssembly
Native extension for WindowsStandalone target not found
Refreshing native plugins compatible for Editor in 0.34 ms, found 1 plugins.
Preloading 1 native plugins for Editor in 0.05 ms.
Invoked RoslynAnalysisRunner static constructor.
RoslynAnalysisRunner will not be running.
RoslynAnalysisRunner has terminated.
Mono: successfully reloaded assembly
- Completed reload, in  1.284 seconds
Platform modules already initialized, skipping
========================================================================
Worker process is ready to serve import requests
Launched and connected shader compiler UnityShaderCompiler.exe after 0.39 seconds
Refreshing native plugins compatible for Editor in 0.31 ms, found 1 plugins.
Preloading 1 native plugins for Editor in 0.05 ms.
Unloading 1165 Unused Serialized files (Serialized files now loaded: 0)
System memory in use before: 60.1 MB.
System memory in use after: 60.2 MB.

Unloading 14 unused Assets to reduce memory usage. Loaded Objects now: 1603.
Total: 2.169800 ms (FindLiveObjects: 0.164400 ms CreateObjectMapping: 0.056400 ms MarkObjects: 1.838200 ms  DeleteObjects: 0.108900 ms)

========================================================================
Received Import Request.
  path: Assets/Scripts/SQLiteDB.cs
  artifactKey: Guid(c861dea5adfe54946a3694907b1bb042) Importer(815301076,1909f56bfc062723c751e8b465ee728b)
Start importing Assets/Scripts/SQLiteDB.cs using Guid(c861dea5adfe54946a3694907b1bb042) Importer(815301076,1909f56bfc062723c751e8b465ee728b)  -> (artifact id: '41d76c3d0c4ded87da0be317c812425a') in 0.034658 seconds
  Import took 0.746807 seconds .

========================================================================
Received Import Request.
  Time since last request: 74.847533 seconds.
  path: Assets/Scripts/SQLiteDB.cs
  artifactKey: Guid(c861dea5adfe54946a3694907b1bb042) Importer(815301076,1909f56bfc062723c751e8b465ee728b)
Start importing Assets/Scripts/SQLiteDB.cs using Guid(c861dea5adfe54946a3694907b1bb042) Importer(815301076,1909f56bfc062723c751e8b465ee728b)  -> (artifact id: '690c2b018bfeb61b678de5aedddf48e6') in 0.002064 seconds
  Import took 0.071552 seconds .

========================================================================
Received Import Request.
  Time since last request: 12.318565 seconds.
  path: Assets/Scripts/SQLiteDB.cs
  artifactKey: Guid(c861dea5adfe54946a3694907b1bb042) Importer(815301076,1909f56bfc062723c751e8b465ee728b)
Start importing Assets/Scripts/SQLiteDB.cs using Guid(c861dea5adfe54946a3694907b1bb042) Importer(815301076,1909f56bfc062723c751e8b465ee728b)  -> (artifact id: 'ca8d637608f67e46bb85ec796fa7dd35') in 0.002596 seconds
  Import took 0.045072 seconds .

========================================================================
Received Import Request.
  Time since last request: 0.000778 seconds.
  path: Assets/Scripts/SQLiteDB.cs
  artifactKey: Guid(c861dea5adfe54946a3694907b1bb042) Importer(815301076,1909f56bfc062723c751e8b465ee728b)
Start importing Assets/Scripts/SQLiteDB.cs using Guid(c861dea5adfe54946a3694907b1bb042) Importer(815301076,1909f56bfc062723c751e8b465ee728b)  -> (artifact id: 'ca8d637608f67e46bb85ec796fa7dd35') in 0.003870 seconds
  Import took 0.049684 seconds .

========================================================================
Received Import Request.
  Time since last request: 187.237243 seconds.
  path: Assets/Scripts/SQLiteDB.cs
  artifactKey: Guid(c861dea5adfe54946a3694907b1bb042) Importer(815301076,1909f56bfc062723c751e8b465ee728b)
Start importing Assets/Scripts/SQLiteDB.cs using Guid(c861dea5adfe54946a3694907b1bb042) Importer(815301076,1909f56bfc062723c751e8b465ee728b)  -> (artifact id: '742c4e0845dda5fab9751c7704e25d6b') in 0.002903 seconds
  Import took 0.029180 seconds .

========================================================================
Received Prepare
Registering precompiled user dll's ...
Registered in 0.001830 seconds.
Begin MonoManager ReloadAssembly
Native extension for WindowsStandalone target not found
Refreshing native plugins compatible for Editor in 0.33 ms, found 1 plugins.
Preloading 1 native plugins for Editor in 0.06 ms.
Invoked RoslynAnalysisRunner static constructor.
RoslynAnalysisRunner will not be running.
RoslynAnalysisRunner has terminated.
Mono: successfully reloaded assembly
- Completed reload, in  1.254 seconds
Platform modules already initialized, skipping
Refreshing native plugins compatible for Editor in 0.33 ms, found 1 plugins.
Preloading 1 native plugins for Editor in 0.05 ms.
Unloading 1147 Unused Serialized files (Serialized files now loaded: 0)
System memory in use before: 59.3 MB.
System memory in use after: 59.4 MB.

Unloading 9 unused Assets to reduce memory usage. Loaded Objects now: 1605.
Total: 2.385500 ms (FindLiveObjects: 0.182000 ms CreateObjectMapping: 0.100600 ms MarkObjects: 2.021100 ms  DeleteObjects: 0.080300 ms)

